# JRE version: OpenJDK Runtime Environment (11.0.15) (build 11.0.15+0-b2043.56-9505619)
# Java VM: OpenJDK 64-Bit Server VM (11.0.15+0-b2043.56-9505619, mixed mode, tiered, compressed oops, g1 gc, windows-amd64)
Heap:
 garbage-first heap   total 251904K, used 92742K [0x0000000080000000, 0x0000000100000000)
  region size 1024K, 9 young (9216K), 7 survivors (7168K)
 Metaspace       used 88780K, capacity 91687K, committed 91952K, reserved 1128448K
  class space    used 11488K, capacity 12611K, committed 12672K, reserved 1048576K
GC Heap History (20 events):
Event: 4.688 GC heap before
{Heap before GC invocations=1 (full 0):
 garbage-first heap   total 251904K, used 106618K [0x0000000080000000, 0x0000000100000000)
  region size 1024K, 98 young (100352K), 3 survivors (3072K)
 Metaspace       used 20822K, capacity 21153K, committed 21296K, reserved 1069056K
  class space    used 2506K, capacity 2651K, committed 2688K, reserved 1048576K
}
Event: 4.704 GC heap after
{Heap after GC invocations=2 (full 0):
 garbage-first heap   total 251904K, used 16930K [0x0000000080000000, 0x0000000100000000)
  region size 1024K, 11 young (11264K), 11 survivors (11264K)
 Metaspace       used 20822K, capacity 21153K, committed 21296K, reserved 1069056K
  class space    used 2506K, capacity 2651K, committed 2688K, reserved 1048576K
}
Event: 5.506 GC heap before
{Heap before GC invocations=3 (full 0):
 garbage-first heap   total 251904K, used 64034K [0x0000000080000000, 0x0000000100000000)
  region size 1024K, 57 young (58368K), 11 survivors (11264K)
 Metaspace       used 25831K, capacity 26431K, committed 26544K, reserved 1073152K
  class space    used 3318K, capacity 3547K, committed 3584K, reserved 1048576K
}
Event: 5.515 GC heap after
{Heap after GC invocations=4 (full 0):
 garbage-first heap   total 251904K, used 19146K [0x0000000080000000, 0x0000000100000000)
  region size 1024K, 3 young (3072K), 3 survivors (3072K)
 Metaspace       used 25831K, capacity 26431K, committed 26544K, reserved 1073152K
  class space    used 3318K, capacity 3547K, committed 3584K, reserved 1048576K
}
Event: 6.930 GC heap before
{Heap before GC invocations=4 (full 0):
 garbage-first heap   total 251904K, used 90826K [0x0000000080000000, 0x0000000100000000)
  region size 1024K, 74 young (75776K), 3 survivors (3072K)
 Metaspace       used 34904K, capacity 35719K, committed 35888K, reserved 1081344K
  class space    used 4543K, capacity 4883K, committed 4992K, reserved 1048576K
}
Event: 6.940 GC heap after
{Heap after GC invocations=5 (full 0):
 garbage-first heap   total 251904K, used 22363K [0x0000000080000000, 0x0000000100000000)
  region size 1024K, 6 young (6144K), 6 survivors (6144K)
 Metaspace       used 34904K, capacity 35719K, committed 35888K, reserved 1081344K
  class space    used 4543K, capacity 4883K, committed 4992K, reserved 1048576K
}
Event: 8.781 GC heap before
{Heap before GC invocations=6 (full 0):
 garbage-first heap   total 251904K, used 145243K [0x0000000080000000, 0x0000000100000000)
  region size 1024K, 123 young (125952K), 6 survivors (6144K)
 Metaspace       used 45939K, capacity 47038K, committed 47152K, reserved 1089536K
  class space    used 5812K, capacity 6229K, committed 6272K, reserved 1048576K
}
Event: 8.795 GC heap after
{Heap after GC invocations=7 (full 0):
 garbage-first heap   total 251904K, used 30853K [0x0000000080000000, 0x0000000100000000)
  region size 1024K, 14 young (14336K), 14 survivors (14336K)
 Metaspace       used 45939K, capacity 47038K, committed 47152K, reserved 1089536K
  class space    used 5812K, capacity 6229K, committed 6272K, reserved 1048576K
}
Event: 10.992 GC heap before
{Heap before GC invocations=7 (full 0):
 garbage-first heap   total 251904K, used 169093K [0x0000000080000000, 0x0000000100000000)
  region size 1024K, 147 young (150528K), 14 survivors (14336K)
 Metaspace       used 55328K, capacity 56832K, committed 56880K, reserved 1099776K
  class space    used 6964K, capacity 7536K, committed 7552K, reserved 1048576K
}
Event: 11.013 GC heap after
{Heap after GC invocations=8 (full 0):
 garbage-first heap   total 251904K, used 42315K [0x0000000080000000, 0x0000000100000000)
  region size 1024K, 18 young (18432K), 18 survivors (18432K)
 Metaspace       used 55328K, capacity 56832K, committed 56880K, reserved 1099776K
  class space    used 6964K, capacity 7536K, committed 7552K, reserved 1048576K
}
Event: 11.476 GC heap before
{Heap before GC invocations=8 (full 0):
 garbage-first heap   total 251904K, used 65867K [0x0000000080000000, 0x0000000100000000)
  region size 1024K, 42 young (43008K), 18 survivors (18432K)
 Metaspace       used 58452K, capacity 60054K, committed 60208K, reserved 1101824K
  class space    used 7339K, capacity 7972K, committed 8064K, reserved 1048576K
}
Event: 11.500 GC heap after
{Heap after GC invocations=9 (full 0):
 garbage-first heap   total 251904K, used 44176K [0x0000000080000000, 0x0000000100000000)
  region size 1024K, 12 young (12288K), 12 survivors (12288K)
 Metaspace       used 58452K, capacity 60054K, committed 60208K, reserved 1101824K
  class space    used 7339K, capacity 7972K, committed 8064K, reserved 1048576K
}
Event: 13.401 GC heap before
{Heap before GC invocations=10 (full 0):
 garbage-first heap   total 251904K, used 173200K [0x0000000080000000, 0x0000000100000000)
  region size 1024K, 131 young (134144K), 12 survivors (12288K)
 Metaspace       used 66758K, capacity 68627K, committed 68784K, reserved 1110016K
  class space    used 8411K, capacity 9142K, committed 9216K, reserved 1048576K
}
Event: 13.416 GC heap after
{Heap after GC invocations=11 (full 0):
 garbage-first heap   total 251904K, used 52967K [0x0000000080000000, 0x0000000100000000)
  region size 1024K, 11 young (11264K), 11 survivors (11264K)
 Metaspace       used 66758K, capacity 68627K, committed 68784K, reserved 1110016K
  class space    used 8411K, capacity 9142K, committed 9216K, reserved 1048576K
}
Event: 15.091 GC heap before
{Heap before GC invocations=11 (full 0):
 garbage-first heap   total 251904K, used 174823K [0x0000000080000000, 0x0000000100000000)
  region size 1024K, 130 young (133120K), 11 survivors (11264K)
 Metaspace       used 74759K, capacity 76737K, committed 76976K, reserved 1116160K
  class space    used 9670K, capacity 10400K, committed 10496K, reserved 1048576K
}
Event: 15.108 GC heap after
{Heap after GC invocations=12 (full 0):
 garbage-first heap   total 251904K, used 62333K [0x0000000080000000, 0x0000000100000000)
  region size 1024K, 9 young (9216K), 9 survivors (9216K)
 Metaspace       used 74759K, capacity 76737K, committed 76976K, reserved 1116160K
  class space    used 9670K, capacity 10400K, committed 10496K, reserved 1048576K
}
Event: 16.845 GC heap before
{Heap before GC invocations=12 (full 0):
 garbage-first heap   total 251904K, used 182141K [0x0000000080000000, 0x0000000100000000)
  region size 1024K, 126 young (129024K), 9 survivors (9216K)
 Metaspace       used 82843K, capacity 85047K, committed 85296K, reserved 1122304K
  class space    used 10762K, capacity 11596K, committed 11648K, reserved 1048576K
}
Event: 16.864 GC heap after
{Heap after GC invocations=13 (full 0):
 garbage-first heap   total 251904K, used 71385K [0x0000000080000000, 0x0000000100000000)
  region size 1024K, 16 young (16384K), 16 survivors (16384K)
 Metaspace       used 82843K, capacity 85047K, committed 85296K, reserved 1122304K
  class space    used 10762K, capacity 11596K, committed 11648K, reserved 1048576K
}
Event: 18.216 GC heap before
{Heap before GC invocations=13 (full 0):
 garbage-first heap   total 251904K, used 187097K [0x0000000080000000, 0x0000000100000000)
  region size 1024K, 130 young (133120K), 16 survivors (16384K)
 Metaspace       used 87871K, capacity 90803K, committed 91056K, reserved 1128448K
  class space    used 11432K, capacity 12538K, committed 12544K, reserved 1048576K
}
Event: 18.234 GC heap after
{Heap after GC invocations=14 (full 0):
 garbage-first heap   total 251904K, used 84938K [0x0000000080000000, 0x0000000100000000)
  region size 1024K, 14 young (14336K), 14 survivors (14336K)
 Metaspace       used 87871K, capacity 90803K, committed 91056K, reserved 1128448K
  class space    used 11432K, capacity 12538K, committed 12544K, reserved 1048576K
}

