# JRE version: OpenJDK Runtime Environment (11.0.15) (build 11.0.15+0-b2043.56-9505619)
# Java VM: OpenJDK 64-Bit Server VM (11.0.15+0-b2043.56-9505619, mixed mode, tiered, compressed oops, g1 gc, windows-amd64)
Heap:
 garbage-first heap   total 251904K, used 124715K [0x0000000080000000, 0x0000000100000000)
  region size 1024K, 73 young (74752K), 7 survivors (7168K)
 Metaspace       used 76809K, capacity 78807K, committed 79152K, reserved 1118208K
  class space    used 9985K, capacity 10782K, committed 10880K, reserved 1048576K
GC Heap History (18 events):
Event: 0.991 GC heap before
{Heap before GC invocations=0 (full 0):
 garbage-first heap   total 251904K, used 29696K [0x0000000080000000, 0x0000000100000000)
  region size 1024K, 24 young (24576K), 0 survivors (0K)
 Metaspace       used 9800K, capacity 10024K, committed 10112K, reserved 1058816K
  class space    used 995K, capacity 1069K, committed 1152K, reserved 1048576K
}
Event: 0.996 GC heap after
{Heap after GC invocations=1 (full 0):
 garbage-first heap   total 251904K, used 9123K [0x0000000080000000, 0x0000000100000000)
  region size 1024K, 3 young (3072K), 3 survivors (3072K)
 Metaspace       used 9800K, capacity 10024K, committed 10112K, reserved 1058816K
  class space    used 995K, capacity 1069K, committed 1152K, reserved 1048576K
}
Event: 4.592 GC heap before
{Heap before GC invocations=1 (full 0):
 garbage-first heap   total 251904K, used 106403K [0x0000000080000000, 0x0000000100000000)
  region size 1024K, 98 young (100352K), 3 survivors (3072K)
 Metaspace       used 20818K, capacity 21153K, committed 21296K, reserved 1069056K
  class space    used 2507K, capacity 2651K, committed 2688K, reserved 1048576K
}
Event: 4.605 GC heap after
{Heap after GC invocations=2 (full 0):
 garbage-first heap   total 251904K, used 16742K [0x0000000080000000, 0x0000000100000000)
  region size 1024K, 11 young (11264K), 11 survivors (11264K)
 Metaspace       used 20818K, capacity 21153K, committed 21296K, reserved 1069056K
  class space    used 2507K, capacity 2651K, committed 2688K, reserved 1048576K
}
Event: 5.396 GC heap before
{Heap before GC invocations=3 (full 0):
 garbage-first heap   total 251904K, used 63846K [0x0000000080000000, 0x0000000100000000)
  region size 1024K, 57 young (58368K), 11 survivors (11264K)
 Metaspace       used 25825K, capacity 26431K, committed 26544K, reserved 1073152K
  class space    used 3318K, capacity 3547K, committed 3584K, reserved 1048576K
}
Event: 5.407 GC heap after
{Heap after GC invocations=4 (full 0):
 garbage-first heap   total 251904K, used 19102K [0x0000000080000000, 0x0000000100000000)
  region size 1024K, 3 young (3072K), 3 survivors (3072K)
 Metaspace       used 25825K, capacity 26431K, committed 26544K, reserved 1073152K
  class space    used 3318K, capacity 3547K, committed 3584K, reserved 1048576K
}
Event: 6.798 GC heap before
{Heap before GC invocations=4 (full 0):
 garbage-first heap   total 251904K, used 91806K [0x0000000080000000, 0x0000000100000000)
  region size 1024K, 75 young (76800K), 3 survivors (3072K)
 Metaspace       used 34902K, capacity 35718K, committed 35888K, reserved 1081344K
  class space    used 4544K, capacity 4883K, committed 4992K, reserved 1048576K
}
Event: 6.809 GC heap after
{Heap after GC invocations=5 (full 0):
 garbage-first heap   total 251904K, used 22089K [0x0000000080000000, 0x0000000100000000)
  region size 1024K, 6 young (6144K), 6 survivors (6144K)
 Metaspace       used 34902K, capacity 35718K, committed 35888K, reserved 1081344K
  class space    used 4544K, capacity 4883K, committed 4992K, reserved 1048576K
}
Event: 8.602 GC heap before
{Heap before GC invocations=6 (full 0):
 garbage-first heap   total 251904K, used 140873K [0x0000000080000000, 0x0000000100000000)
  region size 1024K, 119 young (121856K), 6 survivors (6144K)
 Metaspace       used 45810K, capacity 46957K, committed 47152K, reserved 1089536K
  class space    used 5793K, capacity 6222K, committed 6272K, reserved 1048576K
}
Event: 8.615 GC heap after
{Heap after GC invocations=7 (full 0):
 garbage-first heap   total 251904K, used 30332K [0x0000000080000000, 0x0000000100000000)
  region size 1024K, 14 young (14336K), 14 survivors (14336K)
 Metaspace       used 45810K, capacity 46957K, committed 47152K, reserved 1089536K
  class space    used 5793K, capacity 6222K, committed 6272K, reserved 1048576K
}
Event: 10.631 GC heap before
{Heap before GC invocations=7 (full 0):
 garbage-first heap   total 251904K, used 165500K [0x0000000080000000, 0x0000000100000000)
  region size 1024K, 144 young (147456K), 14 survivors (14336K)
 Metaspace       used 54583K, capacity 56096K, committed 56368K, reserved 1097728K
  class space    used 6881K, capacity 7461K, committed 7552K, reserved 1048576K
}
Event: 10.650 GC heap after
{Heap after GC invocations=8 (full 0):
 garbage-first heap   total 251904K, used 42167K [0x0000000080000000, 0x0000000100000000)
  region size 1024K, 18 young (18432K), 18 survivors (18432K)
 Metaspace       used 54583K, capacity 56096K, committed 56368K, reserved 1097728K
  class space    used 6881K, capacity 7461K, committed 7552K, reserved 1048576K
}
Event: 11.276 GC heap before
{Heap before GC invocations=8 (full 0):
 garbage-first heap   total 251904K, used 70839K [0x0000000080000000, 0x0000000100000000)
  region size 1024K, 47 young (48128K), 18 survivors (18432K)
 Metaspace       used 58478K, capacity 60165K, committed 60240K, reserved 1101824K
  class space    used 7345K, capacity 7989K, committed 8064K, reserved 1048576K
}
Event: 11.293 GC heap after
{Heap after GC invocations=9 (full 0):
 garbage-first heap   total 251904K, used 44607K [0x0000000080000000, 0x0000000100000000)
  region size 1024K, 13 young (13312K), 13 survivors (13312K)
 Metaspace       used 58478K, capacity 60165K, committed 60240K, reserved 1101824K
  class space    used 7345K, capacity 7989K, committed 8064K, reserved 1048576K
}
Event: 13.003 GC heap before
{Heap before GC invocations=10 (full 0):
 garbage-first heap   total 251904K, used 150079K [0x0000000080000000, 0x0000000100000000)
  region size 1024K, 109 young (111616K), 13 survivors (13312K)
 Metaspace       used 66610K, capacity 68370K, committed 68400K, reserved 1107968K
  class space    used 8390K, capacity 9058K, committed 9088K, reserved 1048576K
}
Event: 13.016 GC heap after
{Heap after GC invocations=11 (full 0):
 garbage-first heap   total 251904K, used 51960K [0x0000000080000000, 0x0000000100000000)
  region size 1024K, 10 young (10240K), 10 survivors (10240K)
 Metaspace       used 66610K, capacity 68370K, committed 68400K, reserved 1107968K
  class space    used 8390K, capacity 9058K, committed 9088K, reserved 1048576K
}
Event: 14.435 GC heap before
{Heap before GC invocations=11 (full 0):
 garbage-first heap   total 251904K, used 155384K [0x0000000080000000, 0x0000000100000000)
  region size 1024K, 111 young (113664K), 10 survivors (10240K)
 Metaspace       used 73223K, capacity 75116K, committed 75440K, reserved 1114112K
  class space    used 9443K, capacity 10162K, committed 10240K, reserved 1048576K
}
Event: 14.449 GC heap after
{Heap after GC invocations=12 (full 0):
 garbage-first heap   total 251904K, used 58155K [0x0000000080000000, 0x0000000100000000)
  region size 1024K, 7 young (7168K), 7 survivors (7168K)
 Metaspace       used 73223K, capacity 75116K, committed 75440K, reserved 1114112K
  class space    used 9443K, capacity 10162K, committed 10240K, reserved 1048576K
}

