# JRE version: OpenJDK Runtime Environment (11.0.15) (build 11.0.15+0-b2043.56-9505619)
# Java VM: OpenJDK 64-Bit Server VM (11.0.15+0-b2043.56-9505619, mixed mode, tiered, compressed oops, g1 gc, windows-amd64)
Heap:
 garbage-first heap   total 251904K, used 97048K [0x0000000080000000, 0x0000000100000000)
  region size 1024K, 78 young (79872K), 6 survivors (6144K)
 Metaspace       used 41570K, capacity 42531K, committed 42672K, reserved 1087488K
  class space    used 5244K, capacity 5608K, committed 5632K, reserved 1048576K
GC Heap History (8 events):
Event: 0.577 GC heap before
{Heap before GC invocations=0 (full 0):
 garbage-first heap   total 251904K, used 29696K [0x0000000080000000, 0x0000000100000000)
  region size 1024K, 24 young (24576K), 0 survivors (0K)
 Metaspace       used 9757K, capacity 9968K, committed 10112K, reserved 1058816K
  class space    used 986K, capacity 1069K, committed 1152K, reserved 1048576K
}
Event: 0.580 GC heap after
{Heap after GC invocations=1 (full 0):
 garbage-first heap   total 251904K, used 9048K [0x0000000080000000, 0x0000000100000000)
  region size 1024K, 3 young (3072K), 3 survivors (3072K)
 Metaspace       used 9757K, capacity 9968K, committed 10112K, reserved 1058816K
  class space    used 986K, capacity 1069K, committed 1152K, reserved 1048576K
}
Event: 2.544 GC heap before
{Heap before GC invocations=1 (full 0):
 garbage-first heap   total 251904K, used 106328K [0x0000000080000000, 0x0000000100000000)
  region size 1024K, 99 young (101376K), 3 survivors (3072K)
 Metaspace       used 20799K, capacity 21161K, committed 21296K, reserved 1069056K
  class space    used 2504K, capacity 2651K, committed 2688K, reserved 1048576K
}
Event: 2.553 GC heap after
{Heap after GC invocations=2 (full 0):
 garbage-first heap   total 251904K, used 16995K [0x0000000080000000, 0x0000000100000000)
  region size 1024K, 11 young (11264K), 11 survivors (11264K)
 Metaspace       used 20799K, capacity 21161K, committed 21296K, reserved 1069056K
  class space    used 2504K, capacity 2651K, committed 2688K, reserved 1048576K
}
Event: 3.025 GC heap before
{Heap before GC invocations=3 (full 0):
 garbage-first heap   total 251904K, used 64099K [0x0000000080000000, 0x0000000100000000)
  region size 1024K, 58 young (59392K), 11 survivors (11264K)
 Metaspace       used 26010K, capacity 26605K, committed 26800K, reserved 1073152K
  class space    used 3346K, capacity 3581K, committed 3584K, reserved 1048576K
}
Event: 3.030 GC heap after
{Heap after GC invocations=4 (full 0):
 garbage-first heap   total 251904K, used 19202K [0x0000000080000000, 0x0000000100000000)
  region size 1024K, 3 young (3072K), 3 survivors (3072K)
 Metaspace       used 26010K, capacity 26605K, committed 26800K, reserved 1073152K
  class space    used 3346K, capacity 3581K, committed 3584K, reserved 1048576K
}
Event: 3.859 GC heap before
{Heap before GC invocations=4 (full 0):
 garbage-first heap   total 251904K, used 90882K [0x0000000080000000, 0x0000000100000000)
  region size 1024K, 74 young (75776K), 3 survivors (3072K)
 Metaspace       used 34878K, capacity 35727K, committed 35888K, reserved 1081344K
  class space    used 4543K, capacity 4883K, committed 4992K, reserved 1048576K
}
Event: 3.866 GC heap after
{Heap after GC invocations=5 (full 0):
 garbage-first heap   total 251904K, used 22296K [0x0000000080000000, 0x0000000100000000)
  region size 1024K, 6 young (6144K), 6 survivors (6144K)
 Metaspace       used 34878K, capacity 35727K, committed 35888K, reserved 1081344K
  class space    used 4543K, capacity 4883K, committed 4992K, reserved 1048576K
}

