# JRE version: OpenJDK Runtime Environment (11.0.15) (build 11.0.15+0-b2043.56-9505619)
# Java VM: OpenJDK 64-Bit Server VM (11.0.15+0-b2043.56-9505619, mixed mode, tiered, compressed oops, g1 gc, windows-amd64)
Heap:
 garbage-first heap   total 251904K, used 125162K [0x0000000080000000, 0x0000000100000000)
  region size 1024K, 25 young (25600K), 14 survivors (14336K)
 Metaspace       used 99245K, capacity 102051K, committed 103208K, reserved 1138688K
  class space    used 12480K, capacity 13573K, committed 14028K, reserved 1048576K
GC Heap History (20 events):
Event: 10.383 GC heap before
{Heap before GC invocations=8 (full 0):
 garbage-first heap   total 251904K, used 147488K [0x0000000080000000, 0x0000000100000000)
  region size 1024K, 126 young (129024K), 13 survivors (13312K)
 Metaspace       used 51260K, capacity 52747K, committed 52784K, reserved 1095680K
  class space    used 6459K, capacity 7026K, committed 7040K, reserved 1048576K
}
Event: 10.469 GC heap after
{Heap after GC invocations=9 (full 0):
 garbage-first heap   total 251904K, used 40802K [0x0000000080000000, 0x0000000100000000)
  region size 1024K, 16 young (16384K), 16 survivors (16384K)
 Metaspace       used 51260K, capacity 52747K, committed 52784K, reserved 1095680K
  class space    used 6459K, capacity 7026K, committed 7040K, reserved 1048576K
}
Event: 11.587 GC heap before
{Heap before GC invocations=9 (full 0):
 garbage-first heap   total 251904K, used 95074K [0x0000000080000000, 0x0000000100000000)
  region size 1024K, 70 young (71680K), 16 survivors (16384K)
 Metaspace       used 58526K, capacity 60164K, committed 60240K, reserved 1101824K
  class space    used 7347K, capacity 7988K, committed 8064K, reserved 1048576K
}
Event: 11.608 GC heap after
{Heap after GC invocations=10 (full 0):
 garbage-first heap   total 251904K, used 43218K [0x0000000080000000, 0x0000000100000000)
  region size 1024K, 3 young (3072K), 3 survivors (3072K)
 Metaspace       used 58526K, capacity 60164K, committed 60240K, reserved 1101824K
  class space    used 7347K, capacity 7988K, committed 8064K, reserved 1048576K
}
Event: 13.318 GC heap before
{Heap before GC invocations=11 (full 0):
 garbage-first heap   total 251904K, used 152786K [0x0000000080000000, 0x0000000100000000)
  region size 1024K, 102 young (104448K), 3 survivors (3072K)
 Metaspace       used 66675K, capacity 68367K, committed 68656K, reserved 1110016K
  class space    used 8388K, capacity 9052K, committed 9088K, reserved 1048576K
}
Event: 13.326 GC heap after
{Heap after GC invocations=12 (full 0):
 garbage-first heap   total 251904K, used 51433K [0x0000000080000000, 0x0000000100000000)
  region size 1024K, 11 young (11264K), 11 survivors (11264K)
 Metaspace       used 66675K, capacity 68367K, committed 68656K, reserved 1110016K
  class space    used 8388K, capacity 9052K, committed 9088K, reserved 1048576K
}
Event: 14.748 GC heap before
{Heap before GC invocations=12 (full 0):
 garbage-first heap   total 251904K, used 155881K [0x0000000080000000, 0x0000000100000000)
  region size 1024K, 113 young (115712K), 11 survivors (11264K)
 Metaspace       used 73338K, capacity 75191K, committed 75440K, reserved 1114112K
  class space    used 9449K, capacity 10185K, committed 10240K, reserved 1048576K
}
Event: 14.758 GC heap after
{Heap after GC invocations=13 (full 0):
 garbage-first heap   total 251904K, used 57785K [0x0000000080000000, 0x0000000100000000)
  region size 1024K, 7 young (7168K), 7 survivors (7168K)
 Metaspace       used 73338K, capacity 75191K, committed 75440K, reserved 1114112K
  class space    used 9449K, capacity 10185K, committed 10240K, reserved 1048576K
}
Event: 16.461 GC heap before
{Heap before GC invocations=13 (full 0):
 garbage-first heap   total 251904K, used 165305K [0x0000000080000000, 0x0000000100000000)
  region size 1024K, 112 young (114688K), 7 survivors (7168K)
 Metaspace       used 81705K, capacity 83857K, committed 84144K, reserved 1122304K
  class space    used 10616K, capacity 11419K, committed 11520K, reserved 1048576K
}
Event: 16.471 GC heap after
{Heap after GC invocations=14 (full 0):
 garbage-first heap   total 251904K, used 64508K [0x0000000080000000, 0x0000000100000000)
  region size 1024K, 14 young (14336K), 14 survivors (14336K)
 Metaspace       used 81705K, capacity 83857K, committed 84144K, reserved 1122304K
  class space    used 10616K, capacity 11419K, committed 11520K, reserved 1048576K
}
Event: 17.758 GC heap before
{Heap before GC invocations=14 (full 0):
 garbage-first heap   total 251904K, used 173052K [0x0000000080000000, 0x0000000100000000)
  region size 1024K, 120 young (122880K), 14 survivors (14336K)
 Metaspace       used 86208K, capacity 88660K, committed 88880K, reserved 1126400K
  class space    used 11161K, capacity 12048K, committed 12160K, reserved 1048576K
}
Event: 17.774 GC heap after
{Heap after GC invocations=15 (full 0):
 garbage-first heap   total 251904K, used 78594K [0x0000000080000000, 0x0000000100000000)
  region size 1024K, 15 young (15360K), 15 survivors (15360K)
 Metaspace       used 86208K, capacity 88660K, committed 88880K, reserved 1126400K
  class space    used 11161K, capacity 12048K, committed 12160K, reserved 1048576K
}
Event: 18.631 GC heap before
{Heap before GC invocations=15 (full 0):
 garbage-first heap   total 251904K, used 179970K [0x0000000080000000, 0x0000000100000000)
  region size 1024K, 115 young (117760K), 15 survivors (15360K)
 Metaspace       used 88295K, capacity 91141K, committed 91312K, reserved 1128448K
  class space    used 11431K, capacity 12503K, committed 12544K, reserved 1048576K
}
Event: 18.659 GC heap after
{Heap after GC invocations=16 (full 0):
 garbage-first heap   total 251904K, used 87501K [0x0000000080000000, 0x0000000100000000)
  region size 1024K, 8 young (8192K), 8 survivors (8192K)
 Metaspace       used 88295K, capacity 91141K, committed 91312K, reserved 1128448K
  class space    used 11431K, capacity 12503K, committed 12544K, reserved 1048576K
}
Event: 19.347 GC heap before
{Heap before GC invocations=16 (full 0):
 garbage-first heap   total 251904K, used 185805K [0x0000000080000000, 0x0000000100000000)
  region size 1024K, 105 young (107520K), 8 survivors (8192K)
 Metaspace       used 88882K, capacity 91723K, committed 91952K, reserved 1128448K
  class space    used 11477K, capacity 12568K, committed 12672K, reserved 1048576K
}
Event: 19.356 GC heap after
{Heap after GC invocations=17 (full 0):
 garbage-first heap   total 251904K, used 93946K [0x0000000080000000, 0x0000000100000000)
  region size 1024K, 7 young (7168K), 7 survivors (7168K)
 Metaspace       used 88882K, capacity 91723K, committed 91952K, reserved 1128448K
  class space    used 11477K, capacity 12568K, committed 12672K, reserved 1048576K
}
Event: 20.878 GC heap before
{Heap before GC invocations=17 (full 0):
 garbage-first heap   total 251904K, used 191226K [0x0000000080000000, 0x0000000100000000)
  region size 1024K, 103 young (105472K), 7 survivors (7168K)
 Metaspace       used 95886K, capacity 98966K, committed 99120K, reserved 1134592K
  class space    used 12372K, capacity 13587K, committed 13696K, reserved 1048576K
}
Event: 20.886 GC heap after
{Heap after GC invocations=18 (full 0):
 garbage-first heap   total 251904K, used 100051K [0x0000000080000000, 0x0000000100000000)
  region size 1024K, 13 young (13312K), 13 survivors (13312K)
 Metaspace       used 95886K, capacity 98966K, committed 99120K, reserved 1134592K
  class space    used 12372K, capacity 13587K, committed 13696K, reserved 1048576K
}
Event: 22.692 GC heap before
{Heap before GC invocations=18 (full 0):
 garbage-first heap   total 251904K, used 158419K [0x0000000080000000, 0x0000000100000000)
  region size 1024K, 69 young (70656K), 13 survivors (13312K)
 Metaspace       used 97628K, capacity 100775K, committed 100828K, reserved 1136640K
  class space    used 12481K, capacity 13691K, committed 13696K, reserved 1048576K
}
Event: 22.757 GC heap after
{Heap after GC invocations=19 (full 0):
 garbage-first heap   total 251904K, used 114922K [0x0000000080000000, 0x0000000100000000)
  region size 1024K, 14 young (14336K), 14 survivors (14336K)
 Metaspace       used 97628K, capacity 100775K, committed 100828K, reserved 1136640K
  class space    used 12481K, capacity 13691K, committed 13696K, reserved 1048576K
}

