# JRE version: OpenJDK Runtime Environment (11.0.15) (build 11.0.15+0-b2043.56-9505619)
# Java VM: OpenJDK 64-Bit Server VM (11.0.15+0-b2043.56-9505619, mixed mode, tiered, compressed oops, g1 gc, windows-amd64)
Heap:
 garbage-first heap   total 251904K, used 178500K [0x0000000080000000, 0x0000000100000000)
  region size 1024K, 87 young (89088K), 14 survivors (14336K)
 Metaspace       used 96898K, capacity 100154K, committed 100272K, reserved 1136640K
  class space    used 12500K, capacity 13726K, committed 13824K, reserved 1048576K
GC Heap History (20 events):
Event: 6.875 GC heap before
{Heap before GC invocations=4 (full 0):
 garbage-first heap   total 251904K, used 115293K [0x0000000080000000, 0x0000000100000000)
  region size 1024K, 98 young (100352K), 2 survivors (2048K)
 Metaspace       used 34926K, capacity 35719K, committed 35888K, reserved 1081344K
  class space    used 4545K, capacity 4883K, committed 4992K, reserved 1048576K
}
Event: 6.887 GC heap after
{Heap after GC invocations=5 (full 0):
 garbage-first heap   total 251904K, used 22276K [0x0000000080000000, 0x0000000100000000)
  region size 1024K, 6 young (6144K), 6 survivors (6144K)
 Metaspace       used 34926K, capacity 35719K, committed 35888K, reserved 1081344K
  class space    used 4545K, capacity 4883K, committed 4992K, reserved 1048576K
}
Event: 8.623 GC heap before
{Heap before GC invocations=6 (full 0):
 garbage-first heap   total 251904K, used 134916K [0x0000000080000000, 0x0000000100000000)
  region size 1024K, 113 young (115712K), 6 survivors (6144K)
 Metaspace       used 45281K, capacity 46444K, committed 46512K, reserved 1089536K
  class space    used 5702K, capacity 6116K, committed 6144K, reserved 1048576K
}
Event: 8.636 GC heap after
{Heap after GC invocations=7 (full 0):
 garbage-first heap   total 251904K, used 30571K [0x0000000080000000, 0x0000000100000000)
  region size 1024K, 14 young (14336K), 14 survivors (14336K)
 Metaspace       used 45281K, capacity 46444K, committed 46512K, reserved 1089536K
  class space    used 5702K, capacity 6116K, committed 6144K, reserved 1048576K
}
Event: 10.782 GC heap before
{Heap before GC invocations=7 (full 0):
 garbage-first heap   total 251904K, used 162667K [0x0000000080000000, 0x0000000100000000)
  region size 1024K, 141 young (144384K), 14 survivors (14336K)
 Metaspace       used 53160K, capacity 54639K, committed 54960K, reserved 1097728K
  class space    used 6718K, capacity 7299K, committed 7424K, reserved 1048576K
}
Event: 10.798 GC heap after
{Heap after GC invocations=8 (full 0):
 garbage-first heap   total 251904K, used 41788K [0x0000000080000000, 0x0000000100000000)
  region size 1024K, 18 young (18432K), 18 survivors (18432K)
 Metaspace       used 53160K, capacity 54639K, committed 54960K, reserved 1097728K
  class space    used 6718K, capacity 7299K, committed 7424K, reserved 1048576K
}
Event: 11.622 GC heap before
{Heap before GC invocations=8 (full 0):
 garbage-first heap   total 251904K, used 81724K [0x0000000080000000, 0x0000000100000000)
  region size 1024K, 58 young (59392K), 18 survivors (18432K)
 Metaspace       used 58520K, capacity 60166K, committed 60240K, reserved 1101824K
  class space    used 7343K, capacity 7990K, committed 8064K, reserved 1048576K
}
Event: 11.639 GC heap after
{Heap after GC invocations=9 (full 0):
 garbage-first heap   total 251904K, used 44069K [0x0000000080000000, 0x0000000100000000)
  region size 1024K, 13 young (13312K), 13 survivors (13312K)
 Metaspace       used 58520K, capacity 60166K, committed 60240K, reserved 1101824K
  class space    used 7343K, capacity 7990K, committed 8064K, reserved 1048576K
}
Event: 13.672 GC heap before
{Heap before GC invocations=10 (full 0):
 garbage-first heap   total 251904K, used 189477K [0x0000000080000000, 0x0000000100000000)
  region size 1024K, 147 young (150528K), 13 survivors (13312K)
 Metaspace       used 66801K, capacity 68654K, committed 68784K, reserved 1110016K
  class space    used 8404K, capacity 9105K, committed 9216K, reserved 1048576K
}
Event: 13.686 GC heap after
{Heap after GC invocations=11 (full 0):
 garbage-first heap   total 251904K, used 55187K [0x0000000080000000, 0x0000000100000000)
  region size 1024K, 13 young (13312K), 13 survivors (13312K)
 Metaspace       used 66801K, capacity 68654K, committed 68784K, reserved 1110016K
  class space    used 8404K, capacity 9105K, committed 9216K, reserved 1048576K
}
Event: 15.724 GC heap before
{Heap before GC invocations=11 (full 0):
 garbage-first heap   total 251904K, used 187283K [0x0000000080000000, 0x0000000100000000)
  region size 1024K, 142 young (145408K), 13 survivors (13312K)
 Metaspace       used 76614K, capacity 78636K, committed 78768K, reserved 1118208K
  class space    used 9931K, capacity 10722K, committed 10752K, reserved 1048576K
}
Event: 15.738 GC heap after
{Heap after GC invocations=12 (full 0):
 garbage-first heap   total 251904K, used 63936K [0x0000000080000000, 0x0000000100000000)
  region size 1024K, 9 young (9216K), 9 survivors (9216K)
 Metaspace       used 76614K, capacity 78636K, committed 78768K, reserved 1118208K
  class space    used 9931K, capacity 10722K, committed 10752K, reserved 1048576K
}
Event: 17.341 GC heap before
{Heap before GC invocations=12 (full 0):
 garbage-first heap   total 251904K, used 190912K [0x0000000080000000, 0x0000000100000000)
  region size 1024K, 134 young (137216K), 9 survivors (9216K)
 Metaspace       used 83038K, capacity 85241K, committed 85296K, reserved 1122304K
  class space    used 10761K, capacity 11593K, committed 11648K, reserved 1048576K
}
Event: 17.358 GC heap after
{Heap after GC invocations=13 (full 0):
 garbage-first heap   total 251904K, used 76511K [0x0000000080000000, 0x0000000100000000)
  region size 1024K, 17 young (17408K), 17 survivors (17408K)
 Metaspace       used 83038K, capacity 85241K, committed 85296K, reserved 1122304K
  class space    used 10761K, capacity 11593K, committed 11648K, reserved 1048576K
}
Event: 18.886 GC heap before
{Heap before GC invocations=13 (full 0):
 garbage-first heap   total 251904K, used 193247K [0x0000000080000000, 0x0000000100000000)
  region size 1024K, 132 young (135168K), 17 survivors (17408K)
 Metaspace       used 88089K, capacity 90969K, committed 91056K, reserved 1128448K
  class space    used 11422K, capacity 12499K, committed 12544K, reserved 1048576K
}
Event: 18.906 GC heap after
{Heap after GC invocations=14 (full 0):
 garbage-first heap   total 251904K, used 87722K [0x0000000080000000, 0x0000000100000000)
  region size 1024K, 11 young (11264K), 11 survivors (11264K)
 Metaspace       used 88089K, capacity 90969K, committed 91056K, reserved 1128448K
  class space    used 11422K, capacity 12499K, committed 12544K, reserved 1048576K
}
Event: 19.636 GC heap before
{Heap before GC invocations=14 (full 0):
 garbage-first heap   total 251904K, used 196266K [0x0000000080000000, 0x0000000100000000)
  region size 1024K, 118 young (120832K), 11 survivors (11264K)
 Metaspace       used 88934K, capacity 91837K, committed 91952K, reserved 1128448K
  class space    used 11488K, capacity 12585K, committed 12672K, reserved 1048576K
}
Event: 19.648 GC heap after
{Heap after GC invocations=15 (full 0):
 garbage-first heap   total 251904K, used 95099K [0x0000000080000000, 0x0000000100000000)
  region size 1024K, 8 young (8192K), 8 survivors (8192K)
 Metaspace       used 88934K, capacity 91837K, committed 91952K, reserved 1128448K
  class space    used 11488K, capacity 12585K, committed 12672K, reserved 1048576K
}
Event: 20.251 GC heap before
{Heap before GC invocations=15 (full 0):
 garbage-first heap   total 251904K, used 199547K [0x0000000080000000, 0x0000000100000000)
  region size 1024K, 111 young (113664K), 8 survivors (8192K)
 Metaspace       used 89884K, capacity 92939K, committed 93104K, reserved 1130496K
  class space    used 11634K, capacity 12771K, committed 12800K, reserved 1048576K
}
Event: 20.262 GC heap after
{Heap after GC invocations=16 (full 0):
 garbage-first heap   total 251904K, used 103748K [0x0000000080000000, 0x0000000100000000)
  region size 1024K, 14 young (14336K), 14 survivors (14336K)
 Metaspace       used 89884K, capacity 92939K, committed 93104K, reserved 1130496K
  class space    used 11634K, capacity 12771K, committed 12800K, reserved 1048576K
}

