# JRE version: OpenJDK Runtime Environment (11.0.15) (build 11.0.15+0-b2043.56-9505619)
# Java VM: OpenJDK 64-Bit Server VM (11.0.15+0-b2043.56-9505619, mixed mode, tiered, compressed oops, g1 gc, windows-amd64)
Heap:
 garbage-first heap   total 251904K, used 45714K [0x0000000080000000, 0x0000000100000000)
  region size 1024K, 30 young (30720K), 14 survivors (14336K)
 Metaspace       used 46334K, capacity 47495K, committed 47792K, reserved 1091584K
  class space    used 5871K, capacity 6337K, committed 6400K, reserved 1048576K
GC Heap History (10 events):
Event: 0.968 GC heap before
{Heap before GC invocations=0 (full 0):
 garbage-first heap   total 251904K, used 29696K [0x0000000080000000, 0x0000000100000000)
  region size 1024K, 24 young (24576K), 0 survivors (0K)
 Metaspace       used 9778K, capacity 9968K, committed 10112K, reserved 1058816K
  class space    used 988K, capacity 1069K, committed 1152K, reserved 1048576K
}
Event: 0.974 GC heap after
{Heap after GC invocations=1 (full 0):
 garbage-first heap   total 251904K, used 9086K [0x0000000080000000, 0x0000000100000000)
  region size 1024K, 3 young (3072K), 3 survivors (3072K)
 Metaspace       used 9778K, capacity 9968K, committed 10112K, reserved 1058816K
  class space    used 988K, capacity 1069K, committed 1152K, reserved 1048576K
}
Event: 4.421 GC heap before
{Heap before GC invocations=1 (full 0):
 garbage-first heap   total 251904K, used 106366K [0x0000000080000000, 0x0000000100000000)
  region size 1024K, 99 young (101376K), 3 survivors (3072K)
 Metaspace       used 20813K, capacity 21161K, committed 21296K, reserved 1069056K
  class space    used 2505K, capacity 2651K, committed 2688K, reserved 1048576K
}
Event: 4.436 GC heap after
{Heap after GC invocations=2 (full 0):
 garbage-first heap   total 251904K, used 17020K [0x0000000080000000, 0x0000000100000000)
  region size 1024K, 11 young (11264K), 11 survivors (11264K)
 Metaspace       used 20813K, capacity 21161K, committed 21296K, reserved 1069056K
  class space    used 2505K, capacity 2651K, committed 2688K, reserved 1048576K
}
Event: 5.163 GC heap before
{Heap before GC invocations=3 (full 0):
 garbage-first heap   total 251904K, used 62076K [0x0000000080000000, 0x0000000100000000)
  region size 1024K, 56 young (57344K), 11 survivors (11264K)
 Metaspace       used 25606K, capacity 26215K, committed 26288K, reserved 1073152K
  class space    used 3276K, capacity 3515K, committed 3584K, reserved 1048576K
}
Event: 5.173 GC heap after
{Heap after GC invocations=4 (full 0):
 garbage-first heap   total 251904K, used 18791K [0x0000000080000000, 0x0000000100000000)
  region size 1024K, 3 young (3072K), 3 survivors (3072K)
 Metaspace       used 25606K, capacity 26215K, committed 26288K, reserved 1073152K
  class space    used 3276K, capacity 3515K, committed 3584K, reserved 1048576K
}
Event: 6.570 GC heap before
{Heap before GC invocations=4 (full 0):
 garbage-first heap   total 251904K, used 92519K [0x0000000080000000, 0x0000000100000000)
  region size 1024K, 76 young (77824K), 3 survivors (3072K)
 Metaspace       used 34873K, capacity 35724K, committed 35888K, reserved 1081344K
  class space    used 4540K, capacity 4882K, committed 4992K, reserved 1048576K
}
Event: 6.581 GC heap after
{Heap after GC invocations=5 (full 0):
 garbage-first heap   total 251904K, used 21892K [0x0000000080000000, 0x0000000100000000)
  region size 1024K, 6 young (6144K), 6 survivors (6144K)
 Metaspace       used 34873K, capacity 35724K, committed 35888K, reserved 1081344K
  class space    used 4540K, capacity 4882K, committed 4992K, reserved 1048576K
}
Event: 8.243 GC heap before
{Heap before GC invocations=6 (full 0):
 garbage-first heap   total 251904K, used 135556K [0x0000000080000000, 0x0000000100000000)
  region size 1024K, 114 young (116736K), 6 survivors (6144K)
 Metaspace       used 45339K, capacity 46451K, committed 46512K, reserved 1089536K
  class space    used 5715K, capacity 6116K, committed 6144K, reserved 1048576K
}
Event: 8.261 GC heap after
{Heap after GC invocations=7 (full 0):
 garbage-first heap   total 251904K, used 30354K [0x0000000080000000, 0x0000000100000000)
  region size 1024K, 14 young (14336K), 14 survivors (14336K)
 Metaspace       used 45339K, capacity 46451K, committed 46512K, reserved 1089536K
  class space    used 5715K, capacity 6116K, committed 6144K, reserved 1048576K
}

